#
# A fatal error has been detected by the Java Runtime Environment:
#
#  EXCEPTION_ACCESS_VIOLATION (0xc0000005) at pc=0x000007fee285f547, pid=8436, tid=5368
#
# JRE version: Java(TM) SE Runtime Environment (8.0_45-b15) (build 1.8.0_45-b15)
# Java VM: Java HotSpot(TM) 64-Bit Server VM (25.45-b02 mixed mode windows-amd64 compressed oops)
# Problematic frame:
# C  [lwjgl_opengl.dll+0xf547]
#
# Failed to write core dump. Minidumps are not enabled by default on client versions of Windows
#
# If you would like to submit a bug report, please visit:
#   http://bugreport.java.com/bugreport/crash.jsp
# The crash happened outside the Java Virtual Machine in native code.
# See problematic frame for where to report the bug.
#

---------------  T H R E A D  ---------------

Current thread (0x000000000034e800):  JavaThread "main" [_thread_in_native, id=5368, stack(0x00000000023c0000,0x00000000024c0000)]

siginfo: ExceptionCode=0xc0000005, reading address 0x0000000000001130

Registers:
RAX=0x0000000066340d50, RBX=0x0000000057066478, RCX=0x0000000000000000, RDX=0x00000000024bf150
RSP=0x00000000024bf0d8, RBP=0x00000000024bf140, RSI=0x0000000056eb2820, RDI=0x0000000000000158
R8 =0x0000000000000004, R9 =0x0000000000347ad0, R10=0x00000000027a5de8, R11=0x0000000065dd7ca0
R12=0x0000000000000000, R13=0x0000000057066470, R14=0x00000000024bf158, R15=0x000000000034e800
RIP=0x000007fee285f547, EFLAGS=0x0000000000010206

Top of Stack: (sp=0x00000000024bf0d8)
0x00000000024bf0d8:   00000000027a5e14 0000000056eb2820
0x00000000024bf0e8:   000000000034e800 00000000024bf1b0
0x00000000024bf0f8:   00000000027a5b42 00000000024bf100
0x00000000024bf108:   0000000057066470 00000000024bf158
0x00000000024bf118:   000000005708eee0 0000000000000000
0x00000000024bf128:   0000000057066478 0000000000000000
0x00000000024bf138:   00000000024bf160 00000000024bf1a0
0x00000000024bf148:   0000000002797710 00000000d5acb330
0x00000000024bf158:   000000000279f956 00000000024bf160
0x00000000024bf168:   0000000057050310 00000000024bf1b0
0x00000000024bf178:   00000000570507f8 0000000000000000
0x00000000024bf188:   0000000057050330 00000000024bf160
0x00000000024bf198:   00000000024bf1b0 00000000024bf1f8
0x00000000024bf1a8:   0000000002797d06 00000000d5a83f10
0x00000000024bf1b8:   00000000024bf1b8 00000000570439ad
0x00000000024bf1c8:   00000000024bf250 0000000057049068 

Instructions: (pc=0x000007fee285f547)
0x000007fee285f527:   8b c8 4c 8b 50 18 49 ff a2 28 11 00 00 cc cc cc
0x000007fee285f537:   cc cc cc cc cc cc cc cc cc 48 8b 01 48 8b 48 18
0x000007fee285f547:   48 8b 81 30 11 00 00 48 ff e0 cc cc cc cc cc cc
0x000007fee285f557:   cc cc cc cc cc cc cc cc cc 48 8b 01 45 8b d8 4c 


Register to memory mapping:

RAX=0x0000000066340d50 is an unknown value
RBX={method} {0x0000000057066480} 'glGetError' '()I' in 'org/lwjgl/opengl/GL11'
RCX=0x0000000000000000 is an unknown value
RDX=0x00000000024bf150 is pointing into the stack for thread: 0x000000000034e800
RSP=0x00000000024bf0d8 is pointing into the stack for thread: 0x000000000034e800
RBP=0x00000000024bf140 is pointing into the stack for thread: 0x000000000034e800
RSI=0x0000000056eb2820 is pointing into metadata
RDI=0x0000000000000158 is an unknown value
R8 =0x0000000000000004 is an unknown value
R9 =0x0000000000347ad0 is an unknown value
R10=0x00000000027a5de8 is at code_begin+840 in an Interpreter codelet
method entry point (kind = native)  [0x00000000027a5aa0, 0x00000000027a6400]  2400 bytes
R11=0x0000000065dd7ca0 is an unknown value
R12=0x0000000000000000 is an unknown value
R13=0x0000000057066470 is pointing into metadata
R14=0x00000000024bf158 is pointing into the stack for thread: 0x000000000034e800
R15=0x000000000034e800 is a thread


Stack: [0x00000000023c0000,0x00000000024c0000],  sp=0x00000000024bf0d8,  free space=1020k
Native frames: (J=compiled Java code, j=interpreted, Vv=VM code, C=native code)
C  [lwjgl_opengl.dll+0xf547]

Java frames: (J=compiled Java code, j=interpreted, Vv=VM code)
j  org.lwjgl.opengl.GL11.glGetError()I+0
j  org.newdawn.slick.opengl.renderer.ImmediateModeOGLRenderer.glGetError()V+0
j  org.newdawn.slick.opengl.InternalTextureLoader.getTexture(Ljava/io/InputStream;Ljava/lang/String;ZI[I)Lorg/newdawn/slick/opengl/TextureImpl;+205
j  org.newdawn.slick.opengl.InternalTextureLoader.getTexture(Ljava/io/InputStream;Ljava/lang/String;ZI)Lorg/newdawn/slick/opengl/Texture;+7
j  org.newdawn.slick.opengl.TextureLoader.getTexture(Ljava/lang/String;Ljava/io/InputStream;ZI)Lorg/newdawn/slick/opengl/Texture;+32
j  org.newdawn.slick.opengl.TextureLoader.getTexture(Ljava/lang/String;Ljava/io/InputStream;)Lorg/newdawn/slick/opengl/Texture;+6
j  test.Test.loadTexture()V+20
j  test.Test.main([Ljava/lang/String;)V+0
v  ~StubRoutines::call_stub

---------------  P R O C E S S  ---------------

Java Threads: ( => current thread )
  0x0000000058bb0000 JavaThread "Service Thread" daemon [_thread_blocked, id=9084, stack(0x0000000059580000,0x0000000059680000)]
  0x0000000058b2c800 JavaThread "C1 CompilerThread2" daemon [_thread_blocked, id=916, stack(0x0000000059430000,0x0000000059530000)]
  0x0000000058b2b800 JavaThread "C2 CompilerThread1" daemon [_thread_blocked, id=6284, stack(0x00000000587b0000,0x00000000588b0000)]
  0x0000000058b23800 JavaThread "C2 CompilerThread0" daemon [_thread_blocked, id=7764, stack(0x0000000059320000,0x0000000059420000)]
  0x0000000057637800 JavaThread "Attach Listener" daemon [_thread_blocked, id=8180, stack(0x0000000059140000,0x0000000059240000)]
  0x0000000057636000 JavaThread "Signal Dispatcher" daemon [_thread_blocked, id=7516, stack(0x0000000058f90000,0x0000000059090000)]
  0x00000000575dc800 JavaThread "Finalizer" daemon [_thread_blocked, id=8200, stack(0x0000000058a20000,0x0000000058b20000)]
  0x00000000575d3800 JavaThread "Reference Handler" daemon [_thread_blocked, id=8852, stack(0x00000000588b0000,0x00000000589b0000)]
=>0x000000000034e800 JavaThread "main" [_thread_in_native, id=5368, stack(0x00000000023c0000,0x00000000024c0000)]

Other Threads:
  0x00000000575ce800 VMThread [stack: 0x00000000585c0000,0x00000000586c0000] [id=5416]
  0x0000000058bb2800 WatcherThread [stack: 0x00000000597e0000,0x00000000598e0000] [id=6732]

VM state:not at safepoint (normal execution)

VM Mutex/Monitor currently owned by a thread: None

Heap:
 PSYoungGen      total 38400K, used 6736K [0x00000000d5800000, 0x00000000d8280000, 0x0000000100000000)
  eden space 33280K, 20% used [0x00000000d5800000,0x00000000d5e94270,0x00000000d7880000)
  from space 5120K, 0% used [0x00000000d7d80000,0x00000000d7d80000,0x00000000d8280000)
  to   space 5120K, 0% used [0x00000000d7880000,0x00000000d7880000,0x00000000d7d80000)
 ParOldGen       total 87552K, used 0K [0x0000000080800000, 0x0000000085d80000, 0x00000000d5800000)
  object space 87552K, 0% used [0x0000000080800000,0x0000000080800000,0x0000000085d80000)
 Metaspace       used 5829K, capacity 6060K, committed 6144K, reserved 1056768K
  class space    used 637K, capacity 706K, committed 768K, reserved 1048576K

Card table byte_map: [0x0000000011b50000,0x0000000011f50000] byte_map_base: 0x000000001174c000

Marking Bits: (ParMarkBitMap*) 0x00000000663b4040
 Begin Bits: [0x0000000012880000, 0x0000000014860000)
 End Bits:   [0x0000000014860000, 0x0000000016840000)

Polling page: 0x0000000000160000

CodeCache: size=245760Kb used=1928Kb max_used=1928Kb free=243831Kb
 bounds [0x0000000002790000, 0x0000000002a00000, 0x0000000011790000]
 total_blobs=751 nmethods=404 adapters=260
 compilation: enabled

Compilation events (10 events):
Event: 0.247 Thread 0x0000000058b2c800  400       3       java.nio.DirectLongBufferU::put (18 bytes)
Event: 0.247 Thread 0x0000000058b2c800 nmethod 400 0x0000000002971550 code [0x00000000029716c0, 0x0000000002971930]
Event: 0.248 Thread 0x0000000058b2c800  401       3       java.util.WeakHashMap::maskNull (12 bytes)
Event: 0.248 Thread 0x0000000058b2c800 nmethod 401 0x0000000002971a50 code [0x0000000002971ba0, 0x0000000002971d30]
Event: 0.248 Thread 0x0000000058b2c800  402       3       java.util.WeakHashMap::hash (28 bytes)
Event: 0.248 Thread 0x0000000058b2c800 nmethod 402 0x0000000002971d90 code [0x0000000002971f00, 0x0000000002972148]
Event: 0.249 Thread 0x0000000058b2c800  403       1       sun.misc.URLClassPath$JarLoader::access$600 (5 bytes)
Event: 0.249 Thread 0x0000000058b2c800 nmethod 403 0x0000000002969b50 code [0x0000000002969ca0, 0x0000000002969d90]
Event: 0.253 Thread 0x0000000058b2c800  404       1       java.net.URLClassLoader::access$000 (5 bytes)
Event: 0.253 Thread 0x0000000058b2c800 nmethod 404 0x0000000002972210 code [0x0000000002972360, 0x0000000002972450]

GC Heap History (0 events):
No events

Deoptimization events (0 events):
No events

Internal exceptions (10 events):
Event: 0.029 Thread 0x000000000034e800 Exception <a 'java/lang/NoSuchMethodError': Method sun.misc.Unsafe.prefetchRead(Ljava/lang/Object;J)V name or signature does not match> (0x00000000d580d728) thrown at [C:\re\workspace\8-2-build-windows-amd64-cygwin\jdk8u45\3627\hotspot\src\share\vm\prims\jèb6Uè Â?
Event: 0.142 Thread 0x000000000034e800 Exception <a 'java/lang/NoSuchFieldError': method resolution failed> (0x00000000d5be5828) thrown at [C:\re\workspace\8-2-build-windows-amd64-cygwin\jdk8u45\3627\hotspot\src\share\vm\prims\methodHandles.cpp, line 1125]
Event: 0.143 Thread 0x000000000034e800 Exception <a 'java/lang/NoSuchFieldError': method resolution failed> (0x00000000d5bf3f78) thrown at [C:\re\workspace\8-2-build-windows-amd64-cygwin\jdk8u45\3627\hotspot\src\share\vm\prims\methodHandles.cpp, line 1125]
Event: 0.180 Thread 0x000000000034e800 Exception <a 'java/lang/NoSuchMethodError': java.lang.Object.lambda$static$0(Ljava/lang/String;)Ljava/lang/Boolean;> (0x00000000d5cfa898) thrown at [C:\re\workspace\8-2-build-windows-amd64-cygwin\jdk8u45\3627\hotspot\src\share\vm\interpreter\linkResolver.c©K;È?
Event: 0.188 Thread 0x000000000034e800 Exception <a 'java/security/PrivilegedActionException'> (0x00000000d5d282e0) thrown at [C:\re\workspace\8-2-build-windows-amd64-cygwin\jdk8u45\3627\hotspot\src\share\vm\prims\jvm.cpp, line 1382]
Event: 0.188 Thread 0x000000000034e800 Exception <a 'java/security/PrivilegedActionException'> (0x00000000d5d28498) thrown at [C:\re\workspace\8-2-build-windows-amd64-cygwin\jdk8u45\3627\hotspot\src\share\vm\prims\jvm.cpp, line 1382]
Event: 0.189 Thread 0x000000000034e800 Exception <a 'java/security/PrivilegedActionException'> (0x00000000d5d2c3c0) thrown at [C:\re\workspace\8-2-build-windows-amd64-cygwin\jdk8u45\3627\hotspot\src\share\vm\prims\jvm.cpp, line 1382]
Event: 0.189 Thread 0x000000000034e800 Exception <a 'java/security/PrivilegedActionException'> (0x00000000d5d2c578) thrown at [C:\re\workspace\8-2-build-windows-amd64-cygwin\jdk8u45\3627\hotspot\src\share\vm\prims\jvm.cpp, line 1382]
Event: 0.237 Thread 0x000000000034e800 Exception <a 'sun/nio/fs/WindowsException'> (0x00000000d5d9fa38) thrown at [C:\re\workspace\8-2-build-windows-amd64-cygwin\jdk8u45\3627\hotspot\src\share\vm\prims\jni.cpp, line 709]
Event: 0.237 Thread 0x000000000034e800 Exception <a 'sun/nio/fs/WindowsException'> (0x00000000d5da01a8) thrown at [C:\re\workspace\8-2-build-windows-amd64-cygwin\jdk8u45\3627\hotspot\src\share\vm\prims\jni.cpp, line 709]

Events (10 events):
Event: 0.248 loading class org/lwjgl/system/jni/JNINativeInterface
Event: 0.248 loading class org/lwjgl/system/jni/JNINativeInterface done
Event: 0.249 loading class org/lwjgl/system/windows/WinBase
Event: 0.249 loading class org/lwjgl/system/windows/WinBase done
Event: 0.252 loading class org/lwjgl/opengl/GL$1
Event: 0.252 loading class org/lwjgl/opengl/GL$1 done
Event: 0.252 loading class org/lwjgl/opengl/GL$SharedLibraryGL
Event: 0.252 loading class org/lwjgl/opengl/GL$SharedLibraryGL done
Event: 0.253 loading class org/lwjgl/system/SharedLibrary$Delegate
Event: 0.253 loading class org/lwjgl/system/SharedLibrary$Delegate done


Dynamic libraries:
0x000000013f1e0000 - 0x000000013f217000 	C:\Program Files\Java\jdk1.8.0_45\bin\java.exe
0x0000000077390000 - 0x000000007753a000 	C:\Windows\SYSTEM32\ntdll.dll
0x000007feee950000 - 0x000007feee983000 	C:\Program Files\AVAST Software\Avast\x64\aswhooka.dll
0x0000000077170000 - 0x000000007728f000 	C:\Windows\system32\kernel32.dll
0x000007fefd150000 - 0x000007fefd1ba000 	C:\Windows\system32\KERNELBASE.dll
0x000007fefdd20000 - 0x000007fefddfb000 	C:\Windows\system32\ADVAPI32.dll
0x000007fefde00000 - 0x000007fefde9f000 	C:\Windows\system32\msvcrt.dll
0x000007fefdb00000 - 0x000007fefdb1f000 	C:\Windows\SYSTEM32\sechost.dll
0x000007fefec30000 - 0x000007fefed5d000 	C:\Windows\system32\RPCRT4.dll
0x0000000077290000 - 0x000000007738a000 	C:\Windows\system32\USER32.dll
0x000007fefda90000 - 0x000007fefdaf7000 	C:\Windows\system32\GDI32.dll
0x000007fefd640000 - 0x000007fefd64e000 	C:\Windows\system32\LPK.dll
0x000007fefd570000 - 0x000007fefd63b000 	C:\Windows\system32\USP10.dll
0x000007fefb4c0000 - 0x000007fefb6b4000 	C:\Windows\WinSxS\amd64_microsoft.windows.common-controls_6595b64144ccf1df_6.0.7601.18837_none_fa3b1e3d17594757\COMCTL32.dll
0x000007feff620000 - 0x000007feff691000 	C:\Windows\system32\SHLWAPI.dll
0x000007feff220000 - 0x000007feff24e000 	C:\Windows\system32\IMM32.DLL
0x000007fefd920000 - 0x000007fefda29000 	C:\Windows\system32\MSCTF.dll
0x0000000066f10000 - 0x0000000066fe2000 	C:\Program Files\Java\jdk1.8.0_45\jre\bin\msvcr100.dll
0x0000000065bb0000 - 0x0000000066433000 	C:\Program Files\Java\jdk1.8.0_45\jre\bin\server\jvm.dll
0x000007fefa290000 - 0x000007fefa299000 	C:\Windows\system32\WSOCK32.dll
0x000007fefd520000 - 0x000007fefd56d000 	C:\Windows\system32\WS2_32.dll
0x000007feff080000 - 0x000007feff088000 	C:\Windows\system32\NSI.dll
0x000007fef9b70000 - 0x000007fef9bab000 	C:\Windows\system32\WINMM.dll
0x000007fefc160000 - 0x000007fefc16c000 	C:\Windows\system32\VERSION.dll
0x0000000077550000 - 0x0000000077557000 	C:\Windows\system32\PSAPI.DLL
0x0000000074860000 - 0x000000007486f000 	C:\Program Files\Java\jdk1.8.0_45\jre\bin\verify.dll
0x0000000073c50000 - 0x0000000073c79000 	C:\Program Files\Java\jdk1.8.0_45\jre\bin\java.dll
0x0000000073fb0000 - 0x0000000073fc6000 	C:\Program Files\Java\jdk1.8.0_45\jre\bin\zip.dll
0x000007fefdea0000 - 0x000007fefec2a000 	C:\Windows\system32\SHELL32.dll
0x000007fefee80000 - 0x000007feff07c000 	C:\Windows\system32\ole32.dll
0x000007fefd080000 - 0x000007fefd08f000 	C:\Windows\system32\profapi.dll
0x0000000071e90000 - 0x0000000071eaa000 	C:\Program Files\Java\jdk1.8.0_45\jre\bin\net.dll
0x000007fefc850000 - 0x000007fefc8a5000 	C:\Windows\system32\mswsock.dll
0x000007fefc840000 - 0x000007fefc847000 	C:\Windows\System32\wship6.dll
0x0000000073ba0000 - 0x0000000073bb1000 	C:\Program Files\Java\jdk1.8.0_45\jre\bin\nio.dll
0x000007fee27f0000 - 0x000007fee284b000 	C:\Users\FREE\AppData\Local\Temp\lwjglFREE\3.1.4-build-8\lwjgl.dll
0x000007fef8e20000 - 0x000007fef8e23000 	C:\Windows\system32\api-ms-win-core-synch-l1-2-0.DLL
0x000007fee2850000 - 0x000007fee28af000 	C:\Users\FREE\AppData\Local\Temp\lwjglFREE\3.1.4-build-8\lwjgl_opengl.dll
0x000007fee2940000 - 0x000007fee2a5d000 	C:\Windows\system32\opengl32.dll
0x000007fee74a0000 - 0x000007fee74cd000 	C:\Windows\system32\GLU32.dll
0x000007fee08d0000 - 0x000007fee09c1000 	C:\Windows\system32\DDRAW.dll
0x000007feeee60000 - 0x000007feeee68000 	C:\Windows\system32\DCIMAN32.dll
0x000007fefdb20000 - 0x000007fefdcf7000 	C:\Windows\system32\SETUPAPI.dll
0x000007fefd400000 - 0x000007fefd436000 	C:\Windows\system32\CFGMGR32.dll
0x000007fefd440000 - 0x000007fefd51a000 	C:\Windows\system32\OLEAUT32.dll
0x000007fefd390000 - 0x000007fefd3aa000 	C:\Windows\system32\DEVOBJ.dll
0x000007fefad80000 - 0x000007fefad98000 	C:\Windows\system32\dwmapi.dll
0x000007fef5d90000 - 0x000007fef5eb5000 	C:\Windows\system32\dbghelp.dll

VM Arguments:
jvm_args: -Dfile.encoding=UTF-8 -Djava.library.path=C:\Users\FREE\Desktop\tempPasta\openGlJava\natives 
java_command: test.Test
java_class_path (initial): C:\Users\FREE\Desktop\tempPasta\openGlJava\lwjgl\lwjgl.jar;C:\Users\FREE\Desktop\tempPasta\openGlJava\lwjgl-glfw\lwjgl-glfw.jar;C:\Users\FREE\Desktop\tempPasta\openGlJava\lwjgl-opengl\lwjgl-opengl.jar;C:\Users\FREE\Desktop\tempPasta\openGlJava\natives\lwjgl-glfw-natives-windows.jar;C:\Users\FREE\Desktop\tempPasta\openGlJava\natives\lwjgl-natives-windows.jar;C:\Users\FREE\Desktop\tempPasta\openGlJava\natives\lwjgl-opengl-natives-windows.jar;C:\Users\FREE\Desktop\tempPasta\slick\lib\slick.jar;C:\Users\FREE\Desktop\tempPasta\openGlJava\natives\natives-windows.jar;C:\Users\FREE\Desktop\tempPasta\openGlJava\lwjgl-assimp\lwjgl-assimp.jar;C:\Users\FREE\Desktop\tempPasta\openGlJava\natives\lwjgl-assimp-natives-windows.jar;C:\Users\FREE\Desktop\tempPasta\openGlJava\lwjgl-openal\lwjgl-openal.jar;C:\Users\FREE\Desktop\tempPasta\openGlJava\natives\lwjgl-openal-natives-windows.jar;C:\Users\FREE\Documents\NetBeansProjects\test\build\classes
Launcher Type: SUN_STANDARD

Environment Variables:
PATH=C:\Program Files\Java\jdk1.8.0_45\bin;C:\Program Files (x86)\Intel\iCLS Client\;C:\Program Files\Intel\iCLS Client\;C:\Windows\system32;C:\Windows;C:\Windows\System32\Wbem;C:\Windows\System32\WindowsPowerShell\v1.0\;C:\Program Files\Intel\Intel(R) Management Engine Components\DAL;C:\Program Files\Intel\Intel(R) Management Engine Components\IPT;C:\Program Files (x86)\Intel\Intel(R) Management Engine Components\DAL;C:\Program Files (x86)\Intel\Intel(R) Management Engine Components\IPT;C:\Program Files (x86)\Internet Explorer;C:\Program Files (x86)\Calibre2\;C:\Users\FREE\Desktop\gtkwave\bin;C:\Program Files (x86)\Ghdl\bin;C:\Program Files (x86)\Windows Kits\8.1\Windows Performance Toolkit\;C:\Program Files (x86)\Skype\Phone\;C:\Program Files (x86)\NVIDIA Corporation\PhysX\Common;C:\Program Files (x86)\GTK2-Runtime\bin;C:\Program Files\Git\cmd;C:\Users\FREE\Desktop\programas\maven\apache-maven-3.5.0\bin;C:\Program Files\Heroku\bin
USERNAME=FREE
OS=Windows_NT
PROCESSOR_IDENTIFIER=Intel64 Family 6 Model 58 Stepping 9, GenuineIntel



---------------  S Y S T E M  ---------------

OS: Windows 7 , 64 bit Build 7601 (6.1.7601.23915)

CPU:total 4 (4 cores per cpu, 1 threads per core) family 6 model 58 stepping 9, cmov, cx8, fxsr, mmx, sse, sse2, sse3, ssse3, sse4.1, sse4.2, popcnt, avx, aes, clmul, erms, tsc, tscinvbit, tscinv

Memory: 4k page, physical 8349840k(1935636k free), swap 16697820k(9215776k free)

vm_info: Java HotSpot(TM) 64-Bit Server VM (25.45-b02) for windows-amd64 JRE (1.8.0_45-b15), built on Apr 30 2015 12:40:44 by "java_re" with MS VC++ 10.0 (VS2010)

time: Wed Dec 06 21:08:46 2017
elapsed time: 0 seconds (0d 0h 0m 0s)

