#
# A fatal error has been detected by the Java Runtime Environment:
#
#  EXCEPTION_ACCESS_VIOLATION (0xc0000005) at pc=0x000007feea80f46d, pid=9048, tid=7260
#
# JRE version: Java(TM) SE Runtime Environment (8.0_45-b15) (build 1.8.0_45-b15)
# Java VM: Java HotSpot(TM) 64-Bit Server VM (25.45-b02 mixed mode windows-amd64 compressed oops)
# Problematic frame:
# C  [lwjgl_opengl.dll+0xf46d]
#
# Failed to write core dump. Minidumps are not enabled by default on client versions of Windows
#
# If you would like to submit a bug report, please visit:
#   http://bugreport.java.com/bugreport/crash.jsp
# The crash happened outside the Java Virtual Machine in native code.
# See problematic frame for where to report the bug.
#

---------------  T H R E A D  ---------------

Current thread (0x000000000226e800):  JavaThread "main" [_thread_in_native, id=7260, stack(0x0000000002570000,0x0000000002670000)]

siginfo: ExceptionCode=0xc0000005, reading address 0x0000000000000f58

Registers:
RAX=0x0000000066340d50, RBX=0x00000000571aad80, RCX=0x0000000000000001, RDX=0x000000005994402c
RSP=0x000000000266f0f8, RBP=0x000000000266f178, RSI=0x0000000000000188, RDI=0x00000000029477e0
R8 =0x0000000000000001, R9 =0x000000005994402c, R10=0x0000000000000000, R11=0x0000000065dd7ca0
R12=0x0000000000000000, R13=0x00000000571aad80, R14=0x000000000266f1a8, R15=0x000000000226e800
RIP=0x000007feea80f46d, EFLAGS=0x0000000000010206

Top of Stack: (sp=0x000000000266f0f8)
0x000000000266f0f8:   0000000002955e14 00000000029477e0
0x000000000266f108:   0000000002955b8b 000000000226e800
0x000000000266f118:   00000000571aad80 0000000000000188
0x000000000266f128:   000000000226e800 0000000002955b42
0x000000000266f138:   000000000266f138 00000000571aad80
0x000000000266f148:   000000000266f1a8 00000000571d4ae0
0x000000000266f158:   0000000000000000 00000000571aad80
0x000000000266f168:   0000000000000000 000000000266f198
0x000000000266f178:   000000000266f1f0 0000000002947cc1
0x000000000266f188:   00000000d5c3ea90 000000000294f958
0x000000000266f198:   000000005994402c 00000000d5e161b8
0x000000000266f1a8:   0000000000000001 000000000266f1b0
0x000000000266f1b8:   00000000571aaef4 000000000266f220
0x000000000266f1c8:   00000000571d4ae0 0000000000000000
0x000000000266f1d8:   00000000571aaf60 000000000266f198
0x000000000266f1e8:   000000000266f228 000000000266f270 

Instructions: (pc=0x000007feea80f46d)
0x000007feea80f44d:   00 41 8b c8 48 ff e0 cc cc cc cc cc cc cc cc cc
0x000007feea80f45d:   cc cc cc 48 8b 01 49 8b d1 41 8b c8 4c 8b 50 18
0x000007feea80f46d:   49 ff a2 58 0f 00 00 cc cc cc cc cc cc cc cc cc
0x000007feea80f47d:   cc cc cc 48 8b 01 49 8b d1 41 8b c8 4c 8b 50 18 


Register to memory mapping:

RAX=0x0000000066340d50 is an unknown value
RBX={method} {0x00000000571aad88} 'nglGenTextures' '(IJ)V' in 'org/lwjgl/opengl/GL11'
RCX=0x0000000000000001 is an unknown value
RDX=0x000000005994402c is an unknown value
RSP=0x000000000266f0f8 is pointing into the stack for thread: 0x000000000226e800
RBP=0x000000000266f178 is pointing into the stack for thread: 0x000000000226e800
RSI=0x0000000000000188 is an unknown value
RDI=0x00000000029477e0 is at code_begin+832 in an Interpreter codelet
invoke return entry points  [0x00000000029474a0, 0x0000000002947da0]  2304 bytes
R8 =0x0000000000000001 is an unknown value
R9 =0x000000005994402c is an unknown value
R10=0x0000000000000000 is an unknown value
R11=0x0000000065dd7ca0 is an unknown value
R12=0x0000000000000000 is an unknown value
R13={method} {0x00000000571aad88} 'nglGenTextures' '(IJ)V' in 'org/lwjgl/opengl/GL11'
R14=0x000000000266f1a8 is pointing into the stack for thread: 0x000000000226e800
R15=0x000000000226e800 is a thread


Stack: [0x0000000002570000,0x0000000002670000],  sp=0x000000000266f0f8,  free space=1020k
Native frames: (J=compiled Java code, j=interpreted, Vv=VM code, C=native code)
C  [lwjgl_opengl.dll+0xf46d]

Java frames: (J=compiled Java code, j=interpreted, Vv=VM code)
j  org.lwjgl.opengl.GL11.nglGenTextures(IJ)V+0
j  org.lwjgl.opengl.GL11.glGenTextures()I+20
j  test.Texture.<init>(Ljava/lang/String;)V+199
j  test.Texture.main([Ljava/lang/String;)V+6
v  ~StubRoutines::call_stub

---------------  P R O C E S S  ---------------

Java Threads: ( => current thread )
  0x00000000597e7800 JavaThread "Java2D Disposer" daemon [_thread_blocked, id=8596, stack(0x000000005a0c0000,0x000000005a1c0000)]
  0x000000005901b800 JavaThread "Service Thread" daemon [_thread_blocked, id=7276, stack(0x00000000593b0000,0x00000000594b0000)]
  0x0000000058fa0800 JavaThread "C1 CompilerThread2" daemon [_thread_blocked, id=8748, stack(0x0000000059580000,0x0000000059680000)]
  0x000000005773e800 JavaThread "C2 CompilerThread1" daemon [_thread_blocked, id=8404, stack(0x0000000058ea0000,0x0000000058fa0000)]
  0x0000000057737000 JavaThread "C2 CompilerThread0" daemon [_thread_blocked, id=6384, stack(0x0000000058a20000,0x0000000058b20000)]
  0x0000000057733800 JavaThread "Attach Listener" daemon [_thread_blocked, id=5612, stack(0x0000000058ca0000,0x0000000058da0000)]
  0x0000000057731000 JavaThread "Signal Dispatcher" daemon [_thread_blocked, id=8052, stack(0x0000000058b80000,0x0000000058c80000)]
  0x00000000576d7000 JavaThread "Finalizer" daemon [_thread_blocked, id=1464, stack(0x0000000058740000,0x0000000058840000)]
  0x00000000576d0000 JavaThread "Reference Handler" daemon [_thread_blocked, id=8416, stack(0x00000000588b0000,0x00000000589b0000)]
=>0x000000000226e800 JavaThread "main" [_thread_in_native, id=7260, stack(0x0000000002570000,0x0000000002670000)]

Other Threads:
  0x00000000576ca800 VMThread [stack: 0x00000000585d0000,0x00000000586d0000] [id=8640]
  0x0000000059022000 WatcherThread [stack: 0x00000000596b0000,0x00000000597b0000] [id=5100]

VM state:not at safepoint (normal execution)

VM Mutex/Monitor currently owned by a thread: None

Heap:
 PSYoungGen      total 38400K, used 6679K [0x00000000d5800000, 0x00000000d8280000, 0x0000000100000000)
  eden space 33280K, 20% used [0x00000000d5800000,0x00000000d5e85e60,0x00000000d7880000)
  from space 5120K, 0% used [0x00000000d7d80000,0x00000000d7d80000,0x00000000d8280000)
  to   space 5120K, 0% used [0x00000000d7880000,0x00000000d7880000,0x00000000d7d80000)
 ParOldGen       total 87552K, used 0K [0x0000000080800000, 0x0000000085d80000, 0x00000000d5800000)
  object space 87552K, 0% used [0x0000000080800000,0x0000000080800000,0x0000000085d80000)
 Metaspace       used 6877K, capacity 7150K, committed 7296K, reserved 1056768K
  class space    used 747K, capacity 835K, committed 896K, reserved 1048576K

Card table byte_map: [0x0000000011d00000,0x0000000012100000] byte_map_base: 0x00000000118fc000

Marking Bits: (ParMarkBitMap*) 0x00000000663b4040
 Begin Bits: [0x0000000012980000, 0x0000000014960000)
 End Bits:   [0x0000000014960000, 0x0000000016940000)

Polling page: 0x0000000001b90000

CodeCache: size=245760Kb used=1968Kb max_used=1979Kb free=243791Kb
 bounds [0x0000000002940000, 0x0000000002bb0000, 0x0000000011940000]
 total_blobs=799 nmethods=423 adapters=289
 compilation: enabled

Compilation events (10 events):
Event: 0.233 Thread 0x0000000058fa0800  419       3       jdk.internal.org.objectweb.asm.ClassWriter::newMethodItem (91 bytes)
Event: 0.234 Thread 0x000000005773e800 nmethod 417 0x0000000002b2cb90 code [0x0000000002b2cce0, 0x0000000002b2cef8]
Event: 0.234 Thread 0x0000000058fa0800 nmethod 419 0x0000000002b2be90 code [0x0000000002b2c080, 0x0000000002b2c718]
Event: 0.234 Thread 0x0000000057737000 nmethod 403 0x0000000002b2a210 code [0x0000000002b2a360, 0x0000000002b2a7d8]
Event: 0.236 Thread 0x0000000058fa0800  420       3       java.lang.Character::toUpperCase (6 bytes)
Event: 0.236 Thread 0x0000000058fa0800 nmethod 420 0x0000000002b2b950 code [0x0000000002b2bac0, 0x0000000002b2bd58]
Event: 0.236 Thread 0x0000000058fa0800  421       3       java.lang.Character::toUpperCase (9 bytes)
Event: 0.236 Thread 0x0000000058fa0800 nmethod 421 0x0000000002b29d50 code [0x0000000002b29ec0, 0x0000000002b2a0f8]
Event: 0.238 Thread 0x000000005773e800  423       4       java.lang.String::startsWith (72 bytes)
Event: 0.239 Thread 0x000000005773e800 nmethod 423 0x0000000002b2d310 code [0x0000000002b2d460, 0x0000000002b2d5f8]

GC Heap History (0 events):
No events

Deoptimization events (0 events):
No events

Internal exceptions (10 events):
Event: 0.089 Thread 0x000000000226e800 Exception <a 'java/security/PrivilegedActionException'> (0x00000000d5a5d9b8) thrown at [C:\re\workspace\8-2-build-windows-amd64-cygwin\jdk8u45\3627\hotspot\src\share\vm\prims\jvm.cpp, line 1382]
Event: 0.090 Thread 0x000000000226e800 Exception <a 'java/security/PrivilegedActionException'> (0x00000000d5a5dd00) thrown at [C:\re\workspace\8-2-build-windows-amd64-cygwin\jdk8u45\3627\hotspot\src\share\vm\prims\jvm.cpp, line 1382]
Event: 0.090 Thread 0x000000000226e800 Exception <a 'java/security/PrivilegedActionException'> (0x00000000d5a61c28) thrown at [C:\re\workspace\8-2-build-windows-amd64-cygwin\jdk8u45\3627\hotspot\src\share\vm\prims\jvm.cpp, line 1382]
Event: 0.090 Thread 0x000000000226e800 Exception <a 'java/security/PrivilegedActionException'> (0x00000000d5a61f70) thrown at [C:\re\workspace\8-2-build-windows-amd64-cygwin\jdk8u45\3627\hotspot\src\share\vm\prims\jvm.cpp, line 1382]
Event: 0.094 Thread 0x000000000226e800 Exception <a 'java/io/FileNotFoundException'> (0x00000000d5a698c0) thrown at [C:\re\workspace\8-2-build-windows-amd64-cygwin\jdk8u45\3627\hotspot\src\share\vm\prims\jni.cpp, line 709]
Event: 0.132 Thread 0x000000000226e800 Exception <a 'java/lang/NoSuchFieldError': method resolution failed> (0x00000000d5b58b00) thrown at [C:\re\workspace\8-2-build-windows-amd64-cygwin\jdk8u45\3627\hotspot\src\share\vm\prims\methodHandles.cpp, line 1125]
Event: 0.133 Thread 0x000000000226e800 Exception <a 'java/lang/NoSuchFieldError': method resolution failed> (0x00000000d5b67220) thrown at [C:\re\workspace\8-2-build-windows-amd64-cygwin\jdk8u45\3627\hotspot\src\share\vm\prims\methodHandles.cpp, line 1125]
Event: 0.187 Thread 0x000000000226e800 Exception <a 'java/lang/NoSuchMethodError': java.lang.Object.lambda$static$0(Ljava/lang/String;)Ljava/lang/Boolean;> (0x00000000d5d069f8) thrown at [C:\re\workspace\8-2-build-windows-amd64-cygwin\jdk8u45\3627\hotspot\src\share\vm\interpreter\linkResolver.c
Event: 0.230 Thread 0x000000000226e800 Exception <a 'sun/nio/fs/WindowsException'> (0x00000000d5da6a80) thrown at [C:\re\workspace\8-2-build-windows-amd64-cygwin\jdk8u45\3627\hotspot\src\share\vm\prims\jni.cpp, line 709]
Event: 0.230 Thread 0x000000000226e800 Exception <a 'sun/nio/fs/WindowsException'> (0x00000000d5da71f0) thrown at [C:\re\workspace\8-2-build-windows-amd64-cygwin\jdk8u45\3627\hotspot\src\share\vm\prims\jni.cpp, line 709]

Events (10 events):
Event: 0.237 loading class org/lwjgl/system/jni/JNINativeInterface
Event: 0.237 loading class org/lwjgl/system/jni/JNINativeInterface done
Event: 0.239 loading class org/lwjgl/system/windows/WinBase
Event: 0.239 loading class org/lwjgl/system/windows/WinBase done
Event: 0.241 loading class org/lwjgl/opengl/GL$1
Event: 0.241 loading class org/lwjgl/opengl/GL$1 done
Event: 0.241 loading class org/lwjgl/opengl/GL$SharedLibraryGL
Event: 0.241 loading class org/lwjgl/opengl/GL$SharedLibraryGL done
Event: 0.242 loading class org/lwjgl/system/SharedLibrary$Delegate
Event: 0.242 loading class org/lwjgl/system/SharedLibrary$Delegate done


Dynamic libraries:
0x000000013f860000 - 0x000000013f897000 	C:\Program Files\Java\jdk1.8.0_45\bin\java.exe
0x0000000077390000 - 0x000000007753a000 	C:\Windows\SYSTEM32\ntdll.dll
0x000007feee950000 - 0x000007feee983000 	C:\Program Files\AVAST Software\Avast\x64\aswhooka.dll
0x0000000077170000 - 0x000000007728f000 	C:\Windows\system32\kernel32.dll
0x000007fefd150000 - 0x000007fefd1ba000 	C:\Windows\system32\KERNELBASE.dll
0x000007fefdd20000 - 0x000007fefddfb000 	C:\Windows\system32\ADVAPI32.dll
0x000007fefde00000 - 0x000007fefde9f000 	C:\Windows\system32\msvcrt.dll
0x000007fefdb00000 - 0x000007fefdb1f000 	C:\Windows\SYSTEM32\sechost.dll
0x000007fefec30000 - 0x000007fefed5d000 	C:\Windows\system32\RPCRT4.dll
0x0000000077290000 - 0x000000007738a000 	C:\Windows\system32\USER32.dll
0x000007fefda90000 - 0x000007fefdaf7000 	C:\Windows\system32\GDI32.dll
0x000007fefd640000 - 0x000007fefd64e000 	C:\Windows\system32\LPK.dll
0x000007fefd570000 - 0x000007fefd63b000 	C:\Windows\system32\USP10.dll
0x000007fefb4c0000 - 0x000007fefb6b4000 	C:\Windows\WinSxS\amd64_microsoft.windows.common-controls_6595b64144ccf1df_6.0.7601.18837_none_fa3b1e3d17594757\COMCTL32.dll
0x000007feff620000 - 0x000007feff691000 	C:\Windows\system32\SHLWAPI.dll
0x000007feff220000 - 0x000007feff24e000 	C:\Windows\system32\IMM32.DLL
0x000007fefd920000 - 0x000007fefda29000 	C:\Windows\system32\MSCTF.dll
0x0000000066f10000 - 0x0000000066fe2000 	C:\Program Files\Java\jdk1.8.0_45\jre\bin\msvcr100.dll
0x0000000065bb0000 - 0x0000000066433000 	C:\Program Files\Java\jdk1.8.0_45\jre\bin\server\jvm.dll
0x000007fefa290000 - 0x000007fefa299000 	C:\Windows\system32\WSOCK32.dll
0x000007fefd520000 - 0x000007fefd56d000 	C:\Windows\system32\WS2_32.dll
0x000007feff080000 - 0x000007feff088000 	C:\Windows\system32\NSI.dll
0x000007fef9b70000 - 0x000007fef9bab000 	C:\Windows\system32\WINMM.dll
0x000007fefc160000 - 0x000007fefc16c000 	C:\Windows\system32\VERSION.dll
0x0000000077550000 - 0x0000000077557000 	C:\Windows\system32\PSAPI.DLL
0x0000000074860000 - 0x000000007486f000 	C:\Program Files\Java\jdk1.8.0_45\jre\bin\verify.dll
0x0000000073c50000 - 0x0000000073c79000 	C:\Program Files\Java\jdk1.8.0_45\jre\bin\java.dll
0x0000000073fb0000 - 0x0000000073fc6000 	C:\Program Files\Java\jdk1.8.0_45\jre\bin\zip.dll
0x000007fefdea0000 - 0x000007fefec2a000 	C:\Windows\system32\SHELL32.dll
0x000007fefee80000 - 0x000007feff07c000 	C:\Windows\system32\ole32.dll
0x000007fefd080000 - 0x000007fefd08f000 	C:\Windows\system32\profapi.dll
0x0000000066d70000 - 0x0000000066f08000 	C:\Program Files\Java\jdk1.8.0_45\jre\bin\awt.dll
0x000007fefd440000 - 0x000007fefd51a000 	C:\Windows\system32\OLEAUT32.dll
0x0000000071e90000 - 0x0000000071eaa000 	C:\Program Files\Java\jdk1.8.0_45\jre\bin\net.dll
0x000007fefc850000 - 0x000007fefc8a5000 	C:\Windows\system32\mswsock.dll
0x000007fefc840000 - 0x000007fefc847000 	C:\Windows\System32\wship6.dll
0x0000000073ba0000 - 0x0000000073bb1000 	C:\Program Files\Java\jdk1.8.0_45\jre\bin\nio.dll
0x000007feea880000 - 0x000007feea8db000 	C:\Users\FREE\AppData\Local\Temp\lwjglFREE\3.1.4-build-8\lwjgl.dll
0x000007fef8e20000 - 0x000007fef8e23000 	C:\Windows\system32\api-ms-win-core-synch-l1-2-0.DLL
0x000007feea800000 - 0x000007feea85f000 	C:\Users\FREE\AppData\Local\Temp\lwjglFREE\3.1.4-build-8\lwjgl_opengl.dll
0x000007fee2940000 - 0x000007fee2a5d000 	C:\Windows\system32\opengl32.dll
0x000007fee74a0000 - 0x000007fee74cd000 	C:\Windows\system32\GLU32.dll
0x000007fee08d0000 - 0x000007fee09c1000 	C:\Windows\system32\DDRAW.dll
0x000007feeee60000 - 0x000007feeee68000 	C:\Windows\system32\DCIMAN32.dll
0x000007fefdb20000 - 0x000007fefdcf7000 	C:\Windows\system32\SETUPAPI.dll
0x000007fefd400000 - 0x000007fefd436000 	C:\Windows\system32\CFGMGR32.dll
0x000007fefd390000 - 0x000007fefd3aa000 	C:\Windows\system32\DEVOBJ.dll
0x000007fefad80000 - 0x000007fefad98000 	C:\Windows\system32\dwmapi.dll
0x000007fef5d90000 - 0x000007fef5eb5000 	C:\Windows\system32\dbghelp.dll

VM Arguments:
jvm_args: -Dfile.encoding=UTF-8 -Djava.library.path=C:\Users\FREE\Desktop\tempPasta\openGlJava\natives 
java_command: test.Texture
java_class_path (initial): C:\Users\FREE\Desktop\tempPasta\openGlJava\lwjgl\lwjgl.jar;C:\Users\FREE\Desktop\tempPasta\openGlJava\lwjgl-glfw\lwjgl-glfw.jar;C:\Users\FREE\Desktop\tempPasta\openGlJava\lwjgl-opengl\lwjgl-opengl.jar;C:\Users\FREE\Desktop\tempPasta\openGlJava\natives\lwjgl-glfw-natives-windows.jar;C:\Users\FREE\Desktop\tempPasta\openGlJava\natives\lwjgl-natives-windows.jar;C:\Users\FREE\Desktop\tempPasta\openGlJava\natives\lwjgl-opengl-natives-windows.jar;C:\Users\FREE\Desktop\tempPasta\slick\lib\slick.jar;C:\Users\FREE\Desktop\tempPasta\openGlJava\natives\natives-windows.jar;C:\Users\FREE\Desktop\tempPasta\openGlJava\lwjgl-assimp\lwjgl-assimp.jar;C:\Users\FREE\Desktop\tempPasta\openGlJava\natives\lwjgl-assimp-natives-windows.jar;C:\Users\FREE\Desktop\tempPasta\openGlJava\lwjgl-openal\lwjgl-openal.jar;C:\Users\FREE\Desktop\tempPasta\openGlJava\natives\lwjgl-openal-natives-windows.jar;C:\Users\FREE\Documents\NetBeansProjects\test\build\classes
Launcher Type: SUN_STANDARD

Environment Variables:
PATH=C:\Program Files\Java\jdk1.8.0_45\bin;C:\Program Files (x86)\Intel\iCLS Client\;C:\Program Files\Intel\iCLS Client\;C:\Windows\system32;C:\Windows;C:\Windows\System32\Wbem;C:\Windows\System32\WindowsPowerShell\v1.0\;C:\Program Files\Intel\Intel(R) Management Engine Components\DAL;C:\Program Files\Intel\Intel(R) Management Engine Components\IPT;C:\Program Files (x86)\Intel\Intel(R) Management Engine Components\DAL;C:\Program Files (x86)\Intel\Intel(R) Management Engine Components\IPT;C:\Program Files (x86)\Internet Explorer;C:\Program Files (x86)\Calibre2\;C:\Users\FREE\Desktop\gtkwave\bin;C:\Program Files (x86)\Ghdl\bin;C:\Program Files (x86)\Windows Kits\8.1\Windows Performance Toolkit\;C:\Program Files (x86)\Skype\Phone\;C:\Program Files (x86)\NVIDIA Corporation\PhysX\Common;C:\Program Files (x86)\GTK2-Runtime\bin;C:\Program Files\Git\cmd;C:\Users\FREE\Desktop\programas\maven\apache-maven-3.5.0\bin;C:\Program Files\Heroku\bin
USERNAME=FREE
OS=Windows_NT
PROCESSOR_IDENTIFIER=Intel64 Family 6 Model 58 Stepping 9, GenuineIntel



---------------  S Y S T E M  ---------------

OS: Windows 7 , 64 bit Build 7601 (6.1.7601.23915)

CPU:total 4 (4 cores per cpu, 1 threads per core) family 6 model 58 stepping 9, cmov, cx8, fxsr, mmx, sse, sse2, sse3, ssse3, sse4.1, sse4.2, popcnt, avx, aes, clmul, erms, tsc, tscinvbit, tscinv

Memory: 4k page, physical 8349840k(1236836k free), swap 16697820k(8477744k free)

vm_info: Java HotSpot(TM) 64-Bit Server VM (25.45-b02) for windows-amd64 JRE (1.8.0_45-b15), built on Apr 30 2015 12:40:44 by "java_re" with MS VC++ 10.0 (VS2010)

time: Wed Dec 06 22:00:39 2017
elapsed time: 0 seconds (0d 0h 0m 0s)

